\BOOKMARK [1][-]{section*.1}{Abstract}{}% 1
\BOOKMARK [1][-]{section*.2}{Title}{}% 2
\BOOKMARK [1][-]{section*.3}{Experiment 1}{}% 3
\BOOKMARK [2][-]{section*.4}{Materials}{section*.3}% 4
\BOOKMARK [2][-]{section*.5}{Procedure}{section*.3}% 5
\BOOKMARK [2][-]{section*.6}{Bonus Rounds}{section*.3}% 6
\BOOKMARK [2][-]{section*.7}{Post-test Questionnaire}{section*.3}% 7
\BOOKMARK [1][-]{section*.8}{Results}{}% 8
\BOOKMARK [2][-]{section*.9}{Analysis}{section*.8}% 9
\BOOKMARK [2][-]{section*.10}{Mouse clicks}{section*.8}% 10
\BOOKMARK [2][-]{section*.11}{Eye movements}{section*.8}% 11
\BOOKMARK [2][-]{section*.12}{Mouse movements}{section*.8}% 12
\BOOKMARK [1][-]{section*.13}{Discussion}{}% 13
\BOOKMARK [1][-]{section*.14}{Experiment 2}{}% 14
\BOOKMARK [2][-]{section*.15}{Materials}{section*.14}% 15
\BOOKMARK [1][-]{section*.16}{Results}{}% 16
\BOOKMARK [2][-]{section*.17}{Analysis}{section*.16}% 17
\BOOKMARK [2][-]{section*.18}{Mouse clicks}{section*.16}% 18
\BOOKMARK [2][-]{section*.19}{Eye movements}{section*.16}% 19
\BOOKMARK [2][-]{section*.20}{Mouse movements}{section*.16}% 20
\BOOKMARK [1][-]{section*.21}{Discussion}{}% 21
\BOOKMARK [1][-]{section*.22}{References}{}% 22
